{"level":"\u001b[32minfo\u001b[39m","message":"{\"method\":\"GET\",\"url\":\"/\",\"status\":\"404\",\"responseTime\":\"1.840\"}","timestamp":"2025-03-03T00:58:17.204Z"}
{"level":"\u001b[32minfo\u001b[39m","message":"{\"method\":\"GET\",\"url\":\"/\",\"status\":\"404\",\"responseTime\":\"0.449\"}","timestamp":"2025-03-03T00:58:31.192Z"}
{"level":"\u001b[32minfo\u001b[39m","message":"{\"method\":\"POST\",\"url\":\"/api/v1/user/login\",\"status\":\"400\",\"responseTime\":\"25.123\"}","timestamp":"2025-04-08T12:32:14.094Z"}
{"level":"\u001b[32minfo\u001b[39m","message":"{\"method\":\"POST\",\"url\":\"/api/v1/user/login\",\"status\":\"400\",\"responseTime\":\"4.049\"}","timestamp":"2025-04-08T12:32:42.364Z"}
{"level":"\u001b[32minfo\u001b[39m","message":"{\"method\":\"POST\",\"url\":\"/api/v1/user/register\",\"status\":\"201\",\"responseTime\":\"98.293\"}","timestamp":"2025-04-08T12:53:56.403Z"}
{"level":"\u001b[32minfo\u001b[39m","message":"{\"method\":\"POST\",\"url\":\"/api/v1/user/register\",\"status\":\"400\",\"responseTime\":\"3.349\"}","timestamp":"2025-04-08T12:55:23.167Z"}
{"level":"\u001b[32minfo\u001b[39m","message":"{\"method\":\"POST\",\"url\":\"/api/v1/user/register\",\"status\":\"400\",\"responseTime\":\"2.970\"}","timestamp":"2025-04-08T12:55:47.996Z"}
{"level":"\u001b[32minfo\u001b[39m","message":"{\"method\":\"POST\",\"url\":\"/api/v1/user/login\",\"status\":\"400\",\"responseTime\":\"4.205\"}","timestamp":"2025-04-08T12:57:51.375Z"}
{"level":"\u001b[32minfo\u001b[39m","message":"{\"method\":\"POST\",\"url\":\"/api/v1/user/login\",\"status\":\"400\",\"responseTime\":\"2.275\"}","timestamp":"2025-04-08T12:57:57.650Z"}
{"level":"\u001b[32minfo\u001b[39m","message":"{\"method\":\"POST\",\"url\":\"/api/v1/user/login\",\"status\":\"400\",\"responseTime\":\"5.895\"}","timestamp":"2025-04-08T12:58:20.598Z"}
{"level":"\u001b[32minfo\u001b[39m","message":"{\"method\":\"POST\",\"url\":\"/api/v1/user/login\",\"status\":\"400\",\"responseTime\":\"3.533\"}","timestamp":"2025-04-08T12:58:37.787Z"}
{"level":"\u001b[32minfo\u001b[39m","message":"{\"method\":\"POST\",\"url\":\"/api/v1/user/login\",\"status\":\"200\",\"responseTime\":\"63.430\"}","timestamp":"2025-04-08T13:00:41.624Z"}
{"level":"\u001b[32minfo\u001b[39m","message":"{\"method\":\"GET\",\"url\":\"/\",\"status\":\"404\",\"responseTime\":\"8.034\"}","timestamp":"2025-04-15T15:41:39.108Z"}
{"level":"\u001b[32minfo\u001b[39m","message":"{\"method\":\"POST\",\"url\":\"/api/v1/user/login\",\"status\":\"400\",\"responseTime\":\"91.329\"}","timestamp":"2025-04-19T07:48:10.207Z"}
{"level":"\u001b[32minfo\u001b[39m","message":"{\"method\":\"POST\",\"url\":\"/api/v1/user/login\",\"status\":\"400\",\"responseTime\":\"4.335\"}","timestamp":"2025-04-19T07:48:22.607Z"}
{"level":"\u001b[32minfo\u001b[39m","message":"{\"method\":\"POST\",\"url\":\"/api/v1/user/login\",\"status\":\"200\",\"responseTime\":\"110.411\"}","timestamp":"2025-04-19T10:19:32.209Z"}
{"level":"\u001b[32minfo\u001b[39m","message":"{\"method\":\"POST\",\"url\":\"/api/v1/user/login\",\"status\":\"200\",\"responseTime\":\"104.058\"}","timestamp":"2025-04-19T10:21:35.423Z"}
{"level":"\u001b[32minfo\u001b[39m","message":"{\"method\":\"POST\",\"url\":\"/api/v1/user/login\",\"status\":\"400\",\"responseTime\":\"26.461\"}","timestamp":"2025-04-19T10:33:05.227Z"}
{"level":"\u001b[32minfo\u001b[39m","message":"{\"method\":\"POST\",\"url\":\"/api/v1/user/login\",\"status\":\"200\",\"responseTime\":\"102.782\"}","timestamp":"2025-04-19T10:33:11.376Z"}
{"level":"\u001b[32minfo\u001b[39m","message":"{\"method\":\"POST\",\"url\":\"/api/v1/user/login\",\"status\":\"200\",\"responseTime\":\"100.386\"}","timestamp":"2025-04-19T10:35:04.279Z"}
{"level":"\u001b[32minfo\u001b[39m","message":"{\"method\":\"GET\",\"url\":\"/api/v1/api/boards\",\"status\":\"404\",\"responseTime\":\"2.584\"}","timestamp":"2025-04-19T15:50:46.477Z"}
{"level":"\u001b[32minfo\u001b[39m","message":"{\"method\":\"GET\",\"url\":\"/api/v1/api/boards\",\"status\":\"404\",\"responseTime\":\"0.501\"}","timestamp":"2025-04-19T15:50:46.480Z"}
{"level":"\u001b[32minfo\u001b[39m","message":"{\"method\":\"POST\",\"url\":\"/api/v1/api/boards\",\"status\":\"404\",\"responseTime\":\"0.354\"}","timestamp":"2025-04-19T15:51:09.320Z"}
{"level":"\u001b[32minfo\u001b[39m","message":"{\"method\":\"POST\",\"url\":\"/api/v1/api/boards\",\"status\":\"404\",\"responseTime\":\"0.143\"}","timestamp":"2025-04-19T15:51:10.735Z"}
{"level":"\u001b[32minfo\u001b[39m","message":"{\"method\":\"POST\",\"url\":\"/api/v1/api/boards\",\"status\":\"404\",\"responseTime\":\"0.162\"}","timestamp":"2025-04-19T15:51:20.054Z"}
{"level":"\u001b[32minfo\u001b[39m","message":"{\"method\":\"GET\",\"url\":\"/api/v1/api/boards\",\"status\":\"404\",\"responseTime\":\"0.250\"}","timestamp":"2025-04-19T15:51:39.575Z"}
{"level":"\u001b[32minfo\u001b[39m","message":"{\"method\":\"GET\",\"url\":\"/api/v1/api/boards\",\"status\":\"404\",\"responseTime\":\"0.359\"}","timestamp":"2025-04-19T15:51:39.584Z"}
{"level":"\u001b[32minfo\u001b[39m","message":"{\"method\":\"GET\",\"url\":\"/api/v1/boards\",\"status\":\"200\",\"responseTime\":\"85.881\"}","timestamp":"2025-04-19T17:43:51.340Z"}
{"level":"\u001b[32minfo\u001b[39m","message":"{\"method\":\"GET\",\"url\":\"/api/v1/boards\",\"status\":\"304\",\"responseTime\":\"8.213\"}","timestamp":"2025-04-19T17:43:51.354Z"}
{"level":"\u001b[32minfo\u001b[39m","message":"{\"method\":\"GET\",\"url\":\"/api/v1/boards\",\"status\":\"304\",\"responseTime\":\"9.078\"}","timestamp":"2025-04-19T17:44:30.520Z"}
{"level":"\u001b[32minfo\u001b[39m","message":"{\"method\":\"POST\",\"url\":\"/api/v1/boards\",\"status\":\"201\",\"responseTime\":\"36.201\"}","timestamp":"2025-04-19T17:44:44.335Z"}
{"level":"\u001b[32minfo\u001b[39m","message":"{\"method\":\"GET\",\"url\":\"/api/v1/boards\",\"status\":\"401\",\"responseTime\":\"0.372\"}","timestamp":"2025-04-19T18:01:19.307Z"}
{"level":"\u001b[32minfo\u001b[39m","message":"{\"method\":\"GET\",\"url\":\"/api/v1/boards\",\"status\":\"401\",\"responseTime\":\"0.439\"}","timestamp":"2025-04-19T18:01:22.925Z"}
{"level":"\u001b[32minfo\u001b[39m","message":"{\"method\":\"GET\",\"url\":\"/api/v1/boards\",\"status\":\"401\",\"responseTime\":\"0.327\"}","timestamp":"2025-04-19T18:01:34.792Z"}
{"level":"\u001b[32minfo\u001b[39m","message":"{\"method\":\"GET\",\"url\":\"/api/v1/boards\",\"status\":\"401\",\"responseTime\":\"0.272\"}","timestamp":"2025-04-19T18:02:15.029Z"}
{"level":"\u001b[32minfo\u001b[39m","message":"{\"method\":\"GET\",\"url\":\"/api/v1/boards\",\"status\":\"401\",\"responseTime\":\"0.670\"}","timestamp":"2025-04-19T18:02:19.642Z"}
{"level":"\u001b[32minfo\u001b[39m","message":"{\"method\":\"POST\",\"url\":\"/api/v1/user/login\",\"status\":\"200\",\"responseTime\":\"61.232\"}","timestamp":"2025-04-19T18:02:33.862Z"}
{"level":"\u001b[32minfo\u001b[39m","message":"{\"method\":\"GET\",\"url\":\"/api/v1/boards\",\"status\":\"200\",\"responseTime\":\"11.108\"}","timestamp":"2025-04-19T18:02:33.915Z"}
{"level":"\u001b[32minfo\u001b[39m","message":"{\"method\":\"GET\",\"url\":\"/api/v1/boards\",\"status\":\"401\",\"responseTime\":\"0.203\"}","timestamp":"2025-04-19T18:02:39.068Z"}
{"level":"\u001b[32minfo\u001b[39m","message":"{\"method\":\"GET\",\"url\":\"/api/v1/boards\",\"status\":\"401\",\"responseTime\":\"0.294\"}","timestamp":"2025-04-19T18:04:36.283Z"}
{"level":"\u001b[32minfo\u001b[39m","message":"{\"method\":\"GET\",\"url\":\"/api/v1/boards\",\"status\":\"304\",\"responseTime\":\"8.678\"}","timestamp":"2025-04-19T18:04:55.344Z"}
{"level":"\u001b[32minfo\u001b[39m","message":"{\"method\":\"GET\",\"url\":\"/api/v1/boards\",\"status\":\"304\",\"responseTime\":\"17.354\"}","timestamp":"2025-04-19T18:16:11.869Z"}
{"level":"\u001b[32minfo\u001b[39m","message":"{\"method\":\"POST\",\"url\":\"/api/v1/user/login\",\"status\":\"200\",\"responseTime\":\"99.893\"}","timestamp":"2025-04-19T18:16:29.952Z"}
{"level":"\u001b[32minfo\u001b[39m","message":"{\"method\":\"GET\",\"url\":\"/api/v1/boards\",\"status\":\"304\",\"responseTime\":\"8.491\"}","timestamp":"2025-04-19T18:16:30.036Z"}
{"level":"\u001b[32minfo\u001b[39m","message":"{\"method\":\"GET\",\"url\":\"/api/v1/boards\",\"status\":\"304\",\"responseTime\":\"10.326\"}","timestamp":"2025-04-19T18:17:45.906Z"}
{"level":"\u001b[32minfo\u001b[39m","message":"{\"method\":\"DELETE\",\"url\":\"/api/v1/boards/4d76564e-25b5-4132-bf6e-b8c2e3a8e518\",\"status\":\"200\",\"responseTime\":\"17.342\"}","timestamp":"2025-04-19T18:18:00.405Z"}
{"level":"\u001b[32minfo\u001b[39m","message":"{\"method\":\"GET\",\"url\":\"/api/v1/boards\",\"status\":\"200\",\"responseTime\":\"4.881\"}","timestamp":"2025-04-19T18:18:00.433Z"}
{"level":"\u001b[32minfo\u001b[39m","message":"{\"method\":\"GET\",\"url\":\"/api/v1/boards\",\"status\":\"304\",\"responseTime\":\"6.334\"}","timestamp":"2025-04-19T18:18:05.668Z"}
